<?xml version="1.0" encoding="UTF-8"?>
<!-- Generated by org.testng.reporters.JUnitReportReporter -->
<testsuite hostname="WKWIN7395500" failures="0" tests="1" name="quickStart.selenium.FacebookAutomation.tests.CheckFbLoginPage" time="11.118" errors="0" timestamp="21 Jan 2019 13:32:21 GMT" skipped="0">
  <testcase classname="quickStart.selenium.FacebookAutomation.tests.CheckFbLoginPage" name="checkWithInvalidCredentials" time="11.118"/>
</testsuite> <!-- quickStart.selenium.FacebookAutomation.tests.CheckFbLoginPage -->
